<?xml version="1.0" encoding="UTF-8"?>
<coverage generated="1724581369260" clover="3.2.0">
  <project timestamp="1724581369260" name="All files">
    <metrics statements="19" coveredstatements="9" conditionals="2" coveredconditionals="1" methods="5" coveredmethods="1" elements="26" coveredelements="11" complexity="0" loc="19" ncloc="19" packages="2" files="2" classes="2"/>
    <package name="UNSW_Esports_Web_Dev">
      <metrics statements="3" coveredstatements="3" conditionals="0" coveredconditionals="0" methods="0" coveredmethods="0"/>
      <file name="db.ts" path="C:\Users\Nebula PC\Desktop\projects\UNSW_Esports_Web_Dev\db.ts">
        <metrics statements="3" coveredstatements="3" conditionals="0" coveredconditionals="0" methods="0" coveredmethods="0"/>
        <line num="1" count="1" type="stmt"/>
        <line num="3" count="1" type="stmt"/>
        <line num="19" count="1" type="stmt"/>
      </file>
    </package>
    <package name="UNSW_Esports_Web_Dev.src">
      <metrics statements="16" coveredstatements="6" conditionals="2" coveredconditionals="1" methods="5" coveredmethods="1"/>
      <file name="players.ts" path="C:\Users\Nebula PC\Desktop\projects\UNSW_Esports_Web_Dev\src\players.ts">
        <metrics statements="16" coveredstatements="6" conditionals="2" coveredconditionals="1" methods="5" coveredmethods="1"/>
        <line num="1" count="1" type="stmt"/>
        <line num="6" count="0" type="stmt"/>
        <line num="7" count="0" type="stmt"/>
        <line num="12" count="0" type="stmt"/>
        <line num="17" count="0" type="stmt"/>
        <line num="21" count="1" type="stmt"/>
        <line num="30" count="1" type="stmt"/>
        <line num="31" count="1" type="stmt"/>
        <line num="32" count="1" type="cond" truecount="1" falsecount="1"/>
        <line num="36" count="0" type="stmt"/>
        <line num="45" count="0" type="stmt"/>
        <line num="50" count="0" type="stmt"/>
        <line num="51" count="0" type="stmt"/>
        <line num="52" count="0" type="stmt"/>
        <line num="56" count="0" type="stmt"/>
        <line num="59" count="1" type="stmt"/>
      </file>
    </package>
  </project>
</coverage>
