{"C:\\Users\\Nebula PC\\Desktop\\projects\\UNSW_Esports_Web_Dev\\db.ts": {"path":"C:\\Users\\Nebula PC\\Desktop\\projects\\UNSW_Esports_Web_Dev\\db.ts","statementMap":{"0":{"start":{"line":1,"column":0},"end":{"line":1,"column":31}},"1":{"start":{"line":3,"column":12},"end":{"line":10,"column":2}},"2":{"start":{"line":19,"column":0},"end":{"line":19,"column":null}}},"fnMap":{},"branchMap":{},"s":{"0":1,"1":1,"2":1},"f":{},"b":{}}
,"C:\\Users\\Nebula PC\\Desktop\\projects\\UNSW_Esports_Web_Dev\\src\\players.ts": {"path":"C:\\Users\\Nebula PC\\Desktop\\projects\\UNSW_Esports_Web_Dev\\src\\players.ts","statementMap":{"0":{"start":{"line":59,"column":9},"end":{"line":59,"column":18}},"1":{"start":{"line":59,"column":20},"end":{"line":59,"column":32}},"2":{"start":{"line":59,"column":34},"end":{"line":59,"column":43}},"3":{"start":{"line":59,"column":45},"end":{"line":59,"column":57}},"4":{"start":{"line":1,"column":0},"end":{"line":1,"column":23}},"5":{"start":{"line":6,"column":27},"end":{"line":6,"column":32}},"6":{"start":{"line":7,"column":27},"end":{"line":10,"column":null}},"7":{"start":{"line":12,"column":4},"end":{"line":16,"column":null}},"8":{"start":{"line":17,"column":4},"end":{"line":17,"column":null}},"9":{"start":{"line":21,"column":23},"end":{"line":28,"column":null}},"10":{"start":{"line":30,"column":4},"end":{"line":30,"column":20}},"11":{"start":{"line":31,"column":4},"end":{"line":31,"column":28}},"12":{"start":{"line":32,"column":4},"end":{"line":32,"column":69}},"13":{"start":{"line":36,"column":4},"end":{"line":46,"column":null}},"14":{"start":{"line":45,"column":8},"end":{"line":45,"column":null}},"15":{"start":{"line":50,"column":32},"end":{"line":50,"column":48}},"16":{"start":{"line":51,"column":4},"end":{"line":51,"column":null}},"17":{"start":{"line":52,"column":20},"end":{"line":55,"column":null}},"18":{"start":{"line":56,"column":4},"end":{"line":56,"column":null}}},"fnMap":{"0":{"name":"addPlayer","decl":{"start":{"line":5,"column":15},"end":{"line":5,"column":24}},"loc":{"start":{"line":5,"column":43},"end":{"line":18,"column":1}}},"1":{"name":"getPlayerAll","decl":{"start":{"line":20,"column":15},"end":{"line":20,"column":27}},"loc":{"start":{"line":20,"column":44},"end":{"line":33,"column":1}}},"2":{"name":"getPlayer","decl":{"start":{"line":35,"column":15},"end":{"line":35,"column":24}},"loc":{"start":{"line":35,"column":41},"end":{"line":47,"column":1}}},"3":{"name":"(anonymous_4)","decl":{"start":{"line":43,"column":11},"end":{"line":43,"column":12}},"loc":{"start":{"line":43,"column":26},"end":{"line":46,"column":5}}},"4":{"name":"deletePlayer","decl":{"start":{"line":49,"column":15},"end":{"line":49,"column":27}},"loc":{"start":{"line":49,"column":44},"end":{"line":57,"column":1}}}},"branchMap":{"0":{"loc":{"start":{"line":32,"column":11},"end":{"line":32,"column":68}},"type":"cond-expr","locations":[{"start":{"line":32,"column":36},"end":{"line":32,"column":49}},{"start":{"line":32,"column":52},"end":{"line":32,"column":68}}]}},"s":{"0":1,"1":1,"2":1,"3":1,"4":1,"5":0,"6":0,"7":0,"8":0,"9":1,"10":1,"11":1,"12":1,"13":0,"14":0,"15":0,"16":0,"17":0,"18":0},"f":{"0":0,"1":1,"2":0,"3":0,"4":0},"b":{"0":[0,1]}}
}
