{"C:\\Users\\Owner\\Documents\\Git\\ESports\\UNSW_Esports_Web_Dev\\db.ts": {"path":"C:\\Users\\Owner\\Documents\\Git\\ESports\\UNSW_Esports_Web_Dev\\db.ts","statementMap":{"0":{"start":{"line":1,"column":0},"end":{"line":1,"column":31}},"1":{"start":{"line":3,"column":12},"end":{"line":10,"column":2}},"2":{"start":{"line":18,"column":0},"end":{"line":18,"column":null}}},"fnMap":{},"branchMap":{},"s":{"0":1,"1":1,"2":1},"f":{},"b":{}}
,"C:\\Users\\Owner\\Documents\\Git\\ESports\\UNSW_Esports_Web_Dev\\src\\players.ts": {"path":"C:\\Users\\Owner\\Documents\\Git\\ESports\\UNSW_Esports_Web_Dev\\src\\players.ts","statementMap":{"0":{"start":{"line":41,"column":9},"end":{"line":41,"column":18}},"1":{"start":{"line":41,"column":20},"end":{"line":41,"column":32}},"2":{"start":{"line":41,"column":34},"end":{"line":41,"column":43}},"3":{"start":{"line":1,"column":0},"end":{"line":1,"column":23}},"4":{"start":{"line":4,"column":28},"end":{"line":4,"column":53}},"5":{"start":{"line":5,"column":27},"end":{"line":8,"column":null}},"6":{"start":{"line":10,"column":4},"end":{"line":14,"column":null}},"7":{"start":{"line":15,"column":4},"end":{"line":15,"column":null}},"8":{"start":{"line":19,"column":24},"end":{"line":19,"column":40}},"9":{"start":{"line":20,"column":23},"end":{"line":27,"column":null}},"10":{"start":{"line":28,"column":4},"end":{"line":28,"column":null}},"11":{"start":{"line":29,"column":4},"end":{"line":29,"column":null}},"12":{"start":{"line":33,"column":24},"end":{"line":33,"column":40}},"13":{"start":{"line":34,"column":20},"end":{"line":37,"column":null}},"14":{"start":{"line":38,"column":4},"end":{"line":38,"column":null}}},"fnMap":{"0":{"name":"addPlayer","decl":{"start":{"line":3,"column":15},"end":{"line":3,"column":24}},"loc":{"start":{"line":3,"column":43},"end":{"line":16,"column":1}}},"1":{"name":"getPlayer","decl":{"start":{"line":18,"column":15},"end":{"line":18,"column":24}},"loc":{"start":{"line":18,"column":50},"end":{"line":30,"column":1}}},"2":{"name":"deletePlayer","decl":{"start":{"line":32,"column":15},"end":{"line":32,"column":27}},"loc":{"start":{"line":32,"column":53},"end":{"line":39,"column":1}}}},"branchMap":{},"s":{"0":1,"1":1,"2":1,"3":1,"4":0,"5":0,"6":0,"7":0,"8":1,"9":1,"10":0,"11":0,"12":0,"13":0,"14":0},"f":{"0":0,"1":1,"2":0},"b":{}}
}
